  main.cpp
C:\Users\ASUS\source\repos\Assignment-3(1907060)\Assignment-3(1907060)\basic_camera.h(93,9): warning C4068: unknown pragma 'oncea'
  (compiling source file 'main.cpp')
  
C:\Users\ASUS\source\repos\Assignment-3(1907060)\Assignment-3(1907060)\main.cpp(57,24): warning C4305: 'initializing': truncation from 'double' to 'float'
C:\Users\ASUS\source\repos\Assignment-3(1907060)\Assignment-3(1907060)\main.cpp(308,50): warning C4305: 'argument': truncation from 'double' to 'float'
C:\Users\ASUS\source\repos\Assignment-3(1907060)\Assignment-3(1907060)\main.cpp(309,50): warning C4305: 'argument': truncation from 'double' to 'float'
C:\Users\ASUS\source\repos\Assignment-3(1907060)\Assignment-3(1907060)\main.cpp(212,15): warning C4101: 'color': unreferenced local variable
C:\Users\ASUS\source\repos\Assignment-3(1907060)\Assignment-3(1907060)\main.cpp(370,36): warning C4101: 'rotateXMatrix': unreferenced local variable
C:\Users\ASUS\source\repos\Assignment-3(1907060)\Assignment-3(1907060)\main.cpp(370,101): warning C4101: 'modelCentered': unreferenced local variable
C:\Users\ASUS\source\repos\Assignment-3(1907060)\Assignment-3(1907060)\main.cpp(370,66): warning C4101: 'rotateZMatrix': unreferenced local variable
C:\Users\ASUS\source\repos\Assignment-3(1907060)\Assignment-3(1907060)\main.cpp(370,51): warning C4101: 'rotateYMatrix': unreferenced local variable
C:\Users\ASUS\source\repos\Assignment-3(1907060)\Assignment-3(1907060)\main.cpp(370,116): warning C4101: 'translateMatrixprev': unreferenced local variable
C:\Users\ASUS\source\repos\Assignment-3(1907060)\Assignment-3(1907060)\main.cpp(454,90): warning C4305: 'argument': truncation from 'double' to 'float'
C:\Users\ASUS\source\repos\Assignment-3(1907060)\Assignment-3(1907060)\main.cpp(454,84): warning C4305: 'argument': truncation from 'double' to 'float'
C:\Users\ASUS\source\repos\Assignment-3(1907060)\Assignment-3(1907060)\main.cpp(454,78): warning C4305: 'argument': truncation from 'double' to 'float'
C:\Users\ASUS\source\repos\Assignment-3(1907060)\Assignment-3(1907060)\main.cpp(454,71): warning C4305: 'argument': truncation from 'double' to 'float'
C:\Users\ASUS\source\repos\Assignment-3(1907060)\Assignment-3(1907060)\main.cpp(458,90): warning C4305: 'argument': truncation from 'double' to 'float'
C:\Users\ASUS\source\repos\Assignment-3(1907060)\Assignment-3(1907060)\main.cpp(458,84): warning C4305: 'argument': truncation from 'double' to 'float'
C:\Users\ASUS\source\repos\Assignment-3(1907060)\Assignment-3(1907060)\main.cpp(458,72): warning C4305: 'argument': truncation from 'double' to 'float'
C:\Users\ASUS\source\repos\Assignment-3(1907060)\Assignment-3(1907060)\main.cpp(461,97): warning C4305: 'argument': truncation from 'double' to 'float'
C:\Users\ASUS\source\repos\Assignment-3(1907060)\Assignment-3(1907060)\main.cpp(461,90): warning C4305: 'argument': truncation from 'double' to 'float'
C:\Users\ASUS\source\repos\Assignment-3(1907060)\Assignment-3(1907060)\main.cpp(461,83): warning C4305: 'argument': truncation from 'double' to 'float'
C:\Users\ASUS\source\repos\Assignment-3(1907060)\Assignment-3(1907060)\main.cpp(461,79): warning C4305: 'argument': truncation from 'double' to 'float'
C:\Users\ASUS\source\repos\Assignment-3(1907060)\Assignment-3(1907060)\main.cpp(461,58): warning C4305: 'argument': truncation from 'double' to 'float'
C:\Users\ASUS\source\repos\Assignment-3(1907060)\Assignment-3(1907060)\main.cpp(461,54): warning C4305: 'argument': truncation from 'double' to 'float'
C:\Users\ASUS\source\repos\Assignment-3(1907060)\Assignment-3(1907060)\main.cpp(463,98): warning C4305: 'argument': truncation from 'double' to 'float'
C:\Users\ASUS\source\repos\Assignment-3(1907060)\Assignment-3(1907060)\main.cpp(463,91): warning C4305: 'argument': truncation from 'double' to 'float'
C:\Users\ASUS\source\repos\Assignment-3(1907060)\Assignment-3(1907060)\main.cpp(463,84): warning C4305: 'argument': truncation from 'double' to 'float'
C:\Users\ASUS\source\repos\Assignment-3(1907060)\Assignment-3(1907060)\main.cpp(463,74): warning C4305: 'argument': truncation from 'double' to 'float'
C:\Users\ASUS\source\repos\Assignment-3(1907060)\Assignment-3(1907060)\main.cpp(463,58): warning C4305: 'argument': truncation from 'double' to 'float'
C:\Users\ASUS\source\repos\Assignment-3(1907060)\Assignment-3(1907060)\main.cpp(463,51): warning C4305: 'argument': truncation from 'double' to 'float'
C:\Users\ASUS\source\repos\Assignment-3(1907060)\Assignment-3(1907060)\main.cpp(466,97): warning C4305: 'argument': truncation from 'double' to 'float'
C:\Users\ASUS\source\repos\Assignment-3(1907060)\Assignment-3(1907060)\main.cpp(466,91): warning C4305: 'argument': truncation from 'double' to 'float'
C:\Users\ASUS\source\repos\Assignment-3(1907060)\Assignment-3(1907060)\main.cpp(466,81): warning C4305: 'argument': truncation from 'double' to 'float'
C:\Users\ASUS\source\repos\Assignment-3(1907060)\Assignment-3(1907060)\main.cpp(466,77): warning C4305: 'argument': truncation from 'double' to 'float'
C:\Users\ASUS\source\repos\Assignment-3(1907060)\Assignment-3(1907060)\main.cpp(466,61): warning C4305: 'argument': truncation from 'double' to 'float'
C:\Users\ASUS\source\repos\Assignment-3(1907060)\Assignment-3(1907060)\main.cpp(466,51): warning C4305: 'argument': truncation from 'double' to 'float'
C:\Users\ASUS\source\repos\Assignment-3(1907060)\Assignment-3(1907060)\main.cpp(468,99): warning C4305: 'argument': truncation from 'double' to 'float'
C:\Users\ASUS\source\repos\Assignment-3(1907060)\Assignment-3(1907060)\main.cpp(468,93): warning C4305: 'argument': truncation from 'double' to 'float'
C:\Users\ASUS\source\repos\Assignment-3(1907060)\Assignment-3(1907060)\main.cpp(468,83): warning C4305: 'argument': truncation from 'double' to 'float'
C:\Users\ASUS\source\repos\Assignment-3(1907060)\Assignment-3(1907060)\main.cpp(468,79): warning C4305: 'argument': truncation from 'double' to 'float'
C:\Users\ASUS\source\repos\Assignment-3(1907060)\Assignment-3(1907060)\main.cpp(468,74): warning C4305: 'argument': truncation from 'double' to 'float'
C:\Users\ASUS\source\repos\Assignment-3(1907060)\Assignment-3(1907060)\main.cpp(468,61): warning C4305: 'argument': truncation from 'double' to 'float'
C:\Users\ASUS\source\repos\Assignment-3(1907060)\Assignment-3(1907060)\main.cpp(468,51): warning C4305: 'argument': truncation from 'double' to 'float'
C:\Users\ASUS\source\repos\Assignment-3(1907060)\Assignment-3(1907060)\main.cpp(473,19): warning C4305: 'initializing': truncation from 'double' to 'float'
C:\Users\ASUS\source\repos\Assignment-3(1907060)\Assignment-3(1907060)\main.cpp(474,21): warning C4305: 'initializing': truncation from 'double' to 'float'
C:\Users\ASUS\source\repos\Assignment-3(1907060)\Assignment-3(1907060)\main.cpp(477,48): warning C4305: 'argument': truncation from 'double' to 'float'
C:\Users\ASUS\source\repos\Assignment-3(1907060)\Assignment-3(1907060)\main.cpp(477,42): warning C4305: 'argument': truncation from 'double' to 'float'
C:\Users\ASUS\source\repos\Assignment-3(1907060)\Assignment-3(1907060)\main.cpp(477,36): warning C4305: 'argument': truncation from 'double' to 'float'
C:\Users\ASUS\source\repos\Assignment-3(1907060)\Assignment-3(1907060)\main.cpp(477,22): warning C4305: 'argument': truncation from 'double' to 'float'
C:\Users\ASUS\source\repos\Assignment-3(1907060)\Assignment-3(1907060)\main.cpp(482,45): warning C4305: 'argument': truncation from 'double' to 'float'
C:\Users\ASUS\source\repos\Assignment-3(1907060)\Assignment-3(1907060)\main.cpp(482,39): warning C4305: 'argument': truncation from 'double' to 'float'
C:\Users\ASUS\source\repos\Assignment-3(1907060)\Assignment-3(1907060)\main.cpp(482,22): warning C4305: 'argument': truncation from 'double' to 'float'
C:\Users\ASUS\source\repos\Assignment-3(1907060)\Assignment-3(1907060)\main.cpp(486,96): warning C4305: 'argument': truncation from 'double' to 'float'
C:\Users\ASUS\source\repos\Assignment-3(1907060)\Assignment-3(1907060)\main.cpp(486,90): warning C4305: 'argument': truncation from 'double' to 'float'
C:\Users\ASUS\source\repos\Assignment-3(1907060)\Assignment-3(1907060)\main.cpp(486,84): warning C4305: 'argument': truncation from 'double' to 'float'
C:\Users\ASUS\source\repos\Assignment-3(1907060)\Assignment-3(1907060)\main.cpp(486,80): warning C4305: 'argument': truncation from 'double' to 'float'
C:\Users\ASUS\source\repos\Assignment-3(1907060)\Assignment-3(1907060)\main.cpp(486,73): warning C4305: 'argument': truncation from 'double' to 'float'
C:\Users\ASUS\source\repos\Assignment-3(1907060)\Assignment-3(1907060)\main.cpp(486,51): warning C4305: 'argument': truncation from 'double' to 'float'
C:\Users\ASUS\source\repos\Assignment-3(1907060)\Assignment-3(1907060)\main.cpp(488,100): warning C4305: 'argument': truncation from 'double' to 'float'
C:\Users\ASUS\source\repos\Assignment-3(1907060)\Assignment-3(1907060)\main.cpp(488,94): warning C4305: 'argument': truncation from 'double' to 'float'
C:\Users\ASUS\source\repos\Assignment-3(1907060)\Assignment-3(1907060)\main.cpp(488,88): warning C4305: 'argument': truncation from 'double' to 'float'
C:\Users\ASUS\source\repos\Assignment-3(1907060)\Assignment-3(1907060)\main.cpp(488,83): warning C4305: 'argument': truncation from 'double' to 'float'
C:\Users\ASUS\source\repos\Assignment-3(1907060)\Assignment-3(1907060)\main.cpp(488,79): warning C4305: 'argument': truncation from 'double' to 'float'
C:\Users\ASUS\source\repos\Assignment-3(1907060)\Assignment-3(1907060)\main.cpp(488,75): warning C4305: 'argument': truncation from 'double' to 'float'
C:\Users\ASUS\source\repos\Assignment-3(1907060)\Assignment-3(1907060)\main.cpp(488,62): warning C4305: 'argument': truncation from 'double' to 'float'
C:\Users\ASUS\source\repos\Assignment-3(1907060)\Assignment-3(1907060)\main.cpp(488,56): warning C4305: 'argument': truncation from 'double' to 'float'
C:\Users\ASUS\source\repos\Assignment-3(1907060)\Assignment-3(1907060)\main.cpp(488,51): warning C4305: 'argument': truncation from 'double' to 'float'
C:\Users\ASUS\source\repos\Assignment-3(1907060)\Assignment-3(1907060)\main.cpp(491,94): warning C4305: 'argument': truncation from 'double' to 'float'
C:\Users\ASUS\source\repos\Assignment-3(1907060)\Assignment-3(1907060)\main.cpp(491,88): warning C4305: 'argument': truncation from 'double' to 'float'
C:\Users\ASUS\source\repos\Assignment-3(1907060)\Assignment-3(1907060)\main.cpp(491,82): warning C4305: 'argument': truncation from 'double' to 'float'
C:\Users\ASUS\source\repos\Assignment-3(1907060)\Assignment-3(1907060)\main.cpp(491,78): warning C4305: 'argument': truncation from 'double' to 'float'
C:\Users\ASUS\source\repos\Assignment-3(1907060)\Assignment-3(1907060)\main.cpp(491,57): warning C4305: 'argument': truncation from 'double' to 'float'
C:\Users\ASUS\source\repos\Assignment-3(1907060)\Assignment-3(1907060)\main.cpp(493,102): warning C4305: 'argument': truncation from 'double' to 'float'
C:\Users\ASUS\source\repos\Assignment-3(1907060)\Assignment-3(1907060)\main.cpp(493,96): warning C4305: 'argument': truncation from 'double' to 'float'
C:\Users\ASUS\source\repos\Assignment-3(1907060)\Assignment-3(1907060)\main.cpp(493,90): warning C4305: 'argument': truncation from 'double' to 'float'
C:\Users\ASUS\source\repos\Assignment-3(1907060)\Assignment-3(1907060)\main.cpp(493,86): warning C4305: 'argument': truncation from 'double' to 'float'
C:\Users\ASUS\source\repos\Assignment-3(1907060)\Assignment-3(1907060)\main.cpp(493,81): warning C4305: 'argument': truncation from 'double' to 'float'
C:\Users\ASUS\source\repos\Assignment-3(1907060)\Assignment-3(1907060)\main.cpp(493,77): warning C4305: 'argument': truncation from 'double' to 'float'
C:\Users\ASUS\source\repos\Assignment-3(1907060)\Assignment-3(1907060)\main.cpp(493,63): warning C4305: 'argument': truncation from 'double' to 'float'
C:\Users\ASUS\source\repos\Assignment-3(1907060)\Assignment-3(1907060)\main.cpp(493,57): warning C4305: 'argument': truncation from 'double' to 'float'
C:\Users\ASUS\source\repos\Assignment-3(1907060)\Assignment-3(1907060)\main.cpp(493,51): warning C4305: 'argument': truncation from 'double' to 'float'
C:\Users\ASUS\source\repos\Assignment-3(1907060)\Assignment-3(1907060)\main.cpp(494,102): warning C4305: 'argument': truncation from 'double' to 'float'
C:\Users\ASUS\source\repos\Assignment-3(1907060)\Assignment-3(1907060)\main.cpp(494,96): warning C4305: 'argument': truncation from 'double' to 'float'
C:\Users\ASUS\source\repos\Assignment-3(1907060)\Assignment-3(1907060)\main.cpp(494,90): warning C4305: 'argument': truncation from 'double' to 'float'
C:\Users\ASUS\source\repos\Assignment-3(1907060)\Assignment-3(1907060)\main.cpp(494,86): warning C4305: 'argument': truncation from 'double' to 'float'
C:\Users\ASUS\source\repos\Assignment-3(1907060)\Assignment-3(1907060)\main.cpp(494,81): warning C4305: 'argument': truncation from 'double' to 'float'
C:\Users\ASUS\source\repos\Assignment-3(1907060)\Assignment-3(1907060)\main.cpp(494,77): warning C4305: 'argument': truncation from 'double' to 'float'
C:\Users\ASUS\source\repos\Assignment-3(1907060)\Assignment-3(1907060)\main.cpp(494,63): warning C4305: 'argument': truncation from 'double' to 'float'
C:\Users\ASUS\source\repos\Assignment-3(1907060)\Assignment-3(1907060)\main.cpp(494,57): warning C4305: 'argument': truncation from 'double' to 'float'
C:\Users\ASUS\source\repos\Assignment-3(1907060)\Assignment-3(1907060)\main.cpp(494,51): warning C4305: 'argument': truncation from 'double' to 'float'
C:\Users\ASUS\source\repos\Assignment-3(1907060)\Assignment-3(1907060)\main.cpp(499,19): warning C4305: 'initializing': truncation from 'double' to 'float'
C:\Users\ASUS\source\repos\Assignment-3(1907060)\Assignment-3(1907060)\main.cpp(500,21): warning C4305: 'initializing': truncation from 'double' to 'float'
C:\Users\ASUS\source\repos\Assignment-3(1907060)\Assignment-3(1907060)\main.cpp(503,51): warning C4305: 'argument': truncation from 'double' to 'float'
C:\Users\ASUS\source\repos\Assignment-3(1907060)\Assignment-3(1907060)\main.cpp(503,45): warning C4305: 'argument': truncation from 'double' to 'float'
C:\Users\ASUS\source\repos\Assignment-3(1907060)\Assignment-3(1907060)\main.cpp(503,39): warning C4305: 'argument': truncation from 'double' to 'float'
C:\Users\ASUS\source\repos\Assignment-3(1907060)\Assignment-3(1907060)\main.cpp(503,22): warning C4305: 'argument': truncation from 'double' to 'float'
C:\Users\ASUS\source\repos\Assignment-3(1907060)\Assignment-3(1907060)\main.cpp(502,64): warning C4244: 'argument': conversion from 'double' to 'float', possible loss of data
C:\Users\ASUS\source\repos\Assignment-3(1907060)\Assignment-3(1907060)\main.cpp(508,49): warning C4305: 'argument': truncation from 'double' to 'float'
C:\Users\ASUS\source\repos\Assignment-3(1907060)\Assignment-3(1907060)\main.cpp(508,43): warning C4305: 'argument': truncation from 'double' to 'float'
C:\Users\ASUS\source\repos\Assignment-3(1907060)\Assignment-3(1907060)\main.cpp(508,37): warning C4305: 'argument': truncation from 'double' to 'float'
C:\Users\ASUS\source\repos\Assignment-3(1907060)\Assignment-3(1907060)\main.cpp(508,22): warning C4305: 'argument': truncation from 'double' to 'float'
C:\Users\ASUS\source\repos\Assignment-3(1907060)\Assignment-3(1907060)\main.cpp(507,88): warning C4244: 'argument': conversion from 'double' to 'float', possible loss of data
C:\Users\ASUS\source\repos\Assignment-3(1907060)\Assignment-3(1907060)\main.cpp(515,19): warning C4305: 'initializing': truncation from 'double' to 'float'
C:\Users\ASUS\source\repos\Assignment-3(1907060)\Assignment-3(1907060)\main.cpp(516,21): warning C4305: 'initializing': truncation from 'double' to 'float'
C:\Users\ASUS\source\repos\Assignment-3(1907060)\Assignment-3(1907060)\main.cpp(519,51): warning C4305: 'argument': truncation from 'double' to 'float'
C:\Users\ASUS\source\repos\Assignment-3(1907060)\Assignment-3(1907060)\main.cpp(519,45): warning C4305: 'argument': truncation from 'double' to 'float'
C:\Users\ASUS\source\repos\Assignment-3(1907060)\Assignment-3(1907060)\main.cpp(519,39): warning C4305: 'argument': truncation from 'double' to 'float'
C:\Users\ASUS\source\repos\Assignment-3(1907060)\Assignment-3(1907060)\main.cpp(519,34): warning C4305: 'argument': truncation from 'double' to 'float'
C:\Users\ASUS\source\repos\Assignment-3(1907060)\Assignment-3(1907060)\main.cpp(518,59): warning C4244: 'argument': conversion from 'double' to 'float', possible loss of data
C:\Users\ASUS\source\repos\Assignment-3(1907060)\Assignment-3(1907060)\main.cpp(524,49): warning C4305: 'argument': truncation from 'double' to 'float'
C:\Users\ASUS\source\repos\Assignment-3(1907060)\Assignment-3(1907060)\main.cpp(524,43): warning C4305: 'argument': truncation from 'double' to 'float'
C:\Users\ASUS\source\repos\Assignment-3(1907060)\Assignment-3(1907060)\main.cpp(524,37): warning C4305: 'argument': truncation from 'double' to 'float'
C:\Users\ASUS\source\repos\Assignment-3(1907060)\Assignment-3(1907060)\main.cpp(524,32): warning C4305: 'argument': truncation from 'double' to 'float'
C:\Users\ASUS\source\repos\Assignment-3(1907060)\Assignment-3(1907060)\main.cpp(523,59): warning C4244: 'argument': conversion from 'double' to 'float', possible loss of data
C:\Users\ASUS\source\repos\Assignment-3(1907060)\Assignment-3(1907060)\main.cpp(529,94): warning C4305: 'argument': truncation from 'double' to 'float'
C:\Users\ASUS\source\repos\Assignment-3(1907060)\Assignment-3(1907060)\main.cpp(529,88): warning C4305: 'argument': truncation from 'double' to 'float'
C:\Users\ASUS\source\repos\Assignment-3(1907060)\Assignment-3(1907060)\main.cpp(529,82): warning C4305: 'argument': truncation from 'double' to 'float'
C:\Users\ASUS\source\repos\Assignment-3(1907060)\Assignment-3(1907060)\main.cpp(530,101): warning C4305: 'argument': truncation from 'double' to 'float'
C:\Users\ASUS\source\repos\Assignment-3(1907060)\Assignment-3(1907060)\main.cpp(530,95): warning C4305: 'argument': truncation from 'double' to 'float'
C:\Users\ASUS\source\repos\Assignment-3(1907060)\Assignment-3(1907060)\main.cpp(530,89): warning C4305: 'argument': truncation from 'double' to 'float'
C:\Users\ASUS\source\repos\Assignment-3(1907060)\Assignment-3(1907060)\main.cpp(530,84): warning C4305: 'argument': truncation from 'double' to 'float'
C:\Users\ASUS\source\repos\Assignment-3(1907060)\Assignment-3(1907060)\main.cpp(530,74): warning C4305: 'argument': truncation from 'double' to 'float'
C:\Users\ASUS\source\repos\Assignment-3(1907060)\Assignment-3(1907060)\main.cpp(530,51): warning C4305: 'argument': truncation from 'double' to 'float'
C:\Users\ASUS\source\repos\Assignment-3(1907060)\Assignment-3(1907060)\main.cpp(531,101): warning C4305: 'argument': truncation from 'double' to 'float'
C:\Users\ASUS\source\repos\Assignment-3(1907060)\Assignment-3(1907060)\main.cpp(531,95): warning C4305: 'argument': truncation from 'double' to 'float'
C:\Users\ASUS\source\repos\Assignment-3(1907060)\Assignment-3(1907060)\main.cpp(531,89): warning C4305: 'argument': truncation from 'double' to 'float'
C:\Users\ASUS\source\repos\Assignment-3(1907060)\Assignment-3(1907060)\main.cpp(531,84): warning C4305: 'argument': truncation from 'double' to 'float'
C:\Users\ASUS\source\repos\Assignment-3(1907060)\Assignment-3(1907060)\main.cpp(531,74): warning C4305: 'argument': truncation from 'double' to 'float'
C:\Users\ASUS\source\repos\Assignment-3(1907060)\Assignment-3(1907060)\main.cpp(531,51): warning C4305: 'argument': truncation from 'double' to 'float'
C:\Users\ASUS\source\repos\Assignment-3(1907060)\Assignment-3(1907060)\main.cpp(533,118): warning C4305: 'argument': truncation from 'double' to 'float'
C:\Users\ASUS\source\repos\Assignment-3(1907060)\Assignment-3(1907060)\main.cpp(533,106): warning C4305: 'argument': truncation from 'double' to 'float'
C:\Users\ASUS\source\repos\Assignment-3(1907060)\Assignment-3(1907060)\main.cpp(533,94): warning C4305: 'argument': truncation from 'double' to 'float'
C:\Users\ASUS\source\repos\Assignment-3(1907060)\Assignment-3(1907060)\main.cpp(533,86): warning C4305: 'argument': truncation from 'double' to 'float'
C:\Users\ASUS\source\repos\Assignment-3(1907060)\Assignment-3(1907060)\main.cpp(533,81): warning C4305: 'argument': truncation from 'double' to 'float'
C:\Users\ASUS\source\repos\Assignment-3(1907060)\Assignment-3(1907060)\main.cpp(533,76): warning C4305: 'argument': truncation from 'double' to 'float'
C:\Users\ASUS\source\repos\Assignment-3(1907060)\Assignment-3(1907060)\main.cpp(533,61): warning C4305: 'argument': truncation from 'double' to 'float'
C:\Users\ASUS\source\repos\Assignment-3(1907060)\Assignment-3(1907060)\main.cpp(533,51): warning C4305: 'argument': truncation from 'double' to 'float'
C:\Users\ASUS\source\repos\Assignment-3(1907060)\Assignment-3(1907060)\main.cpp(534,118): warning C4305: 'argument': truncation from 'double' to 'float'
C:\Users\ASUS\source\repos\Assignment-3(1907060)\Assignment-3(1907060)\main.cpp(534,106): warning C4305: 'argument': truncation from 'double' to 'float'
C:\Users\ASUS\source\repos\Assignment-3(1907060)\Assignment-3(1907060)\main.cpp(534,94): warning C4305: 'argument': truncation from 'double' to 'float'
C:\Users\ASUS\source\repos\Assignment-3(1907060)\Assignment-3(1907060)\main.cpp(534,86): warning C4305: 'argument': truncation from 'double' to 'float'
C:\Users\ASUS\source\repos\Assignment-3(1907060)\Assignment-3(1907060)\main.cpp(534,81): warning C4305: 'argument': truncation from 'double' to 'float'
C:\Users\ASUS\source\repos\Assignment-3(1907060)\Assignment-3(1907060)\main.cpp(534,76): warning C4305: 'argument': truncation from 'double' to 'float'
C:\Users\ASUS\source\repos\Assignment-3(1907060)\Assignment-3(1907060)\main.cpp(534,61): warning C4305: 'argument': truncation from 'double' to 'float'
C:\Users\ASUS\source\repos\Assignment-3(1907060)\Assignment-3(1907060)\main.cpp(534,51): warning C4305: 'argument': truncation from 'double' to 'float'
C:\Users\ASUS\source\repos\Assignment-3(1907060)\Assignment-3(1907060)\main.cpp(537,95): warning C4305: 'argument': truncation from 'double' to 'float'
C:\Users\ASUS\source\repos\Assignment-3(1907060)\Assignment-3(1907060)\main.cpp(537,89): warning C4305: 'argument': truncation from 'double' to 'float'
C:\Users\ASUS\source\repos\Assignment-3(1907060)\Assignment-3(1907060)\main.cpp(537,83): warning C4305: 'argument': truncation from 'double' to 'float'
C:\Users\ASUS\source\repos\Assignment-3(1907060)\Assignment-3(1907060)\main.cpp(537,74): warning C4305: 'argument': truncation from 'double' to 'float'
C:\Users\ASUS\source\repos\Assignment-3(1907060)\Assignment-3(1907060)\main.cpp(539,94): warning C4305: 'argument': truncation from 'double' to 'float'
C:\Users\ASUS\source\repos\Assignment-3(1907060)\Assignment-3(1907060)\main.cpp(539,88): warning C4305: 'argument': truncation from 'double' to 'float'
C:\Users\ASUS\source\repos\Assignment-3(1907060)\Assignment-3(1907060)\main.cpp(539,82): warning C4305: 'argument': truncation from 'double' to 'float'
C:\Users\ASUS\source\repos\Assignment-3(1907060)\Assignment-3(1907060)\main.cpp(539,78): warning C4305: 'argument': truncation from 'double' to 'float'
C:\Users\ASUS\source\repos\Assignment-3(1907060)\Assignment-3(1907060)\main.cpp(539,69): warning C4305: 'argument': truncation from 'double' to 'float'
C:\Users\ASUS\source\repos\Assignment-3(1907060)\Assignment-3(1907060)\main.cpp(541,96): warning C4305: 'argument': truncation from 'double' to 'float'
C:\Users\ASUS\source\repos\Assignment-3(1907060)\Assignment-3(1907060)\main.cpp(541,90): warning C4305: 'argument': truncation from 'double' to 'float'
C:\Users\ASUS\source\repos\Assignment-3(1907060)\Assignment-3(1907060)\main.cpp(541,84): warning C4305: 'argument': truncation from 'double' to 'float'
C:\Users\ASUS\source\repos\Assignment-3(1907060)\Assignment-3(1907060)\main.cpp(541,80): warning C4305: 'argument': truncation from 'double' to 'float'
C:\Users\ASUS\source\repos\Assignment-3(1907060)\Assignment-3(1907060)\main.cpp(541,71): warning C4305: 'argument': truncation from 'double' to 'float'
C:\Users\ASUS\source\repos\Assignment-3(1907060)\Assignment-3(1907060)\main.cpp(541,51): warning C4305: 'argument': truncation from 'double' to 'float'
C:\Users\ASUS\source\repos\Assignment-3(1907060)\Assignment-3(1907060)\main.cpp(543,96): warning C4305: 'argument': truncation from 'double' to 'float'
C:\Users\ASUS\source\repos\Assignment-3(1907060)\Assignment-3(1907060)\main.cpp(543,90): warning C4305: 'argument': truncation from 'double' to 'float'
C:\Users\ASUS\source\repos\Assignment-3(1907060)\Assignment-3(1907060)\main.cpp(543,84): warning C4305: 'argument': truncation from 'double' to 'float'
C:\Users\ASUS\source\repos\Assignment-3(1907060)\Assignment-3(1907060)\main.cpp(543,80): warning C4305: 'argument': truncation from 'double' to 'float'
C:\Users\ASUS\source\repos\Assignment-3(1907060)\Assignment-3(1907060)\main.cpp(543,71): warning C4305: 'argument': truncation from 'double' to 'float'
C:\Users\ASUS\source\repos\Assignment-3(1907060)\Assignment-3(1907060)\main.cpp(543,57): warning C4305: 'argument': truncation from 'double' to 'float'
C:\Users\ASUS\source\repos\Assignment-3(1907060)\Assignment-3(1907060)\main.cpp(545,98): warning C4305: 'argument': truncation from 'double' to 'float'
C:\Users\ASUS\source\repos\Assignment-3(1907060)\Assignment-3(1907060)\main.cpp(545,92): warning C4305: 'argument': truncation from 'double' to 'float'
C:\Users\ASUS\source\repos\Assignment-3(1907060)\Assignment-3(1907060)\main.cpp(545,86): warning C4305: 'argument': truncation from 'double' to 'float'
C:\Users\ASUS\source\repos\Assignment-3(1907060)\Assignment-3(1907060)\main.cpp(545,82): warning C4305: 'argument': truncation from 'double' to 'float'
C:\Users\ASUS\source\repos\Assignment-3(1907060)\Assignment-3(1907060)\main.cpp(545,73): warning C4305: 'argument': truncation from 'double' to 'float'
C:\Users\ASUS\source\repos\Assignment-3(1907060)\Assignment-3(1907060)\main.cpp(545,59): warning C4305: 'argument': truncation from 'double' to 'float'
C:\Users\ASUS\source\repos\Assignment-3(1907060)\Assignment-3(1907060)\main.cpp(545,51): warning C4305: 'argument': truncation from 'double' to 'float'
C:\Users\ASUS\source\repos\Assignment-3(1907060)\Assignment-3(1907060)\main.cpp(550,23): warning C4305: 'initializing': truncation from 'double' to 'float'
C:\Users\ASUS\source\repos\Assignment-3(1907060)\Assignment-3(1907060)\main.cpp(554,134): warning C4305: 'argument': truncation from 'double' to 'float'
C:\Users\ASUS\source\repos\Assignment-3(1907060)\Assignment-3(1907060)\main.cpp(554,128): warning C4305: 'argument': truncation from 'double' to 'float'
C:\Users\ASUS\source\repos\Assignment-3(1907060)\Assignment-3(1907060)\main.cpp(554,122): warning C4305: 'argument': truncation from 'double' to 'float'
C:\Users\ASUS\source\repos\Assignment-3(1907060)\Assignment-3(1907060)\main.cpp(554,114): warning C4305: 'argument': truncation from 'double' to 'float'
C:\Users\ASUS\source\repos\Assignment-3(1907060)\Assignment-3(1907060)\main.cpp(554,95): warning C4244: 'argument': conversion from 'int' to 'float', possible loss of data
C:\Users\ASUS\source\repos\Assignment-3(1907060)\Assignment-3(1907060)\main.cpp(554,84): warning C4305: 'argument': truncation from 'double' to 'float'
C:\Users\ASUS\source\repos\Assignment-3(1907060)\Assignment-3(1907060)\main.cpp(554,77): warning C4244: 'argument': conversion from 'double' to 'float', possible loss of data
C:\Users\ASUS\source\repos\Assignment-3(1907060)\Assignment-3(1907060)\main.cpp(556,160): warning C4305: 'argument': truncation from 'double' to 'float'
C:\Users\ASUS\source\repos\Assignment-3(1907060)\Assignment-3(1907060)\main.cpp(556,148): warning C4305: 'argument': truncation from 'double' to 'float'
C:\Users\ASUS\source\repos\Assignment-3(1907060)\Assignment-3(1907060)\main.cpp(556,136): warning C4305: 'argument': truncation from 'double' to 'float'
C:\Users\ASUS\source\repos\Assignment-3(1907060)\Assignment-3(1907060)\main.cpp(556,129): warning C4305: 'argument': truncation from 'double' to 'float'
C:\Users\ASUS\source\repos\Assignment-3(1907060)\Assignment-3(1907060)\main.cpp(556,113): warning C4244: 'argument': conversion from 'double' to 'float', possible loss of data
C:\Users\ASUS\source\repos\Assignment-3(1907060)\Assignment-3(1907060)\main.cpp(556,109): warning C4305: 'argument': truncation from 'double' to 'float'
C:\Users\ASUS\source\repos\Assignment-3(1907060)\Assignment-3(1907060)\main.cpp(556,94): warning C4244: 'argument': conversion from 'int' to 'float', possible loss of data
C:\Users\ASUS\source\repos\Assignment-3(1907060)\Assignment-3(1907060)\main.cpp(556,77): warning C4244: 'argument': conversion from 'double' to 'float', possible loss of data
C:\Users\ASUS\source\repos\Assignment-3(1907060)\Assignment-3(1907060)\main.cpp(560,170): warning C4305: 'argument': truncation from 'double' to 'float'
C:\Users\ASUS\source\repos\Assignment-3(1907060)\Assignment-3(1907060)\main.cpp(560,158): warning C4305: 'argument': truncation from 'double' to 'float'
C:\Users\ASUS\source\repos\Assignment-3(1907060)\Assignment-3(1907060)\main.cpp(560,146): warning C4305: 'argument': truncation from 'double' to 'float'
C:\Users\ASUS\source\repos\Assignment-3(1907060)\Assignment-3(1907060)\main.cpp(560,139): warning C4305: 'argument': truncation from 'double' to 'float'
C:\Users\ASUS\source\repos\Assignment-3(1907060)\Assignment-3(1907060)\main.cpp(560,135): warning C4305: 'argument': truncation from 'double' to 'float'
C:\Users\ASUS\source\repos\Assignment-3(1907060)\Assignment-3(1907060)\main.cpp(560,130): warning C4305: 'argument': truncation from 'double' to 'float'
C:\Users\ASUS\source\repos\Assignment-3(1907060)\Assignment-3(1907060)\main.cpp(560,90): warning C4244: 'argument': conversion from 'double' to 'float', possible loss of data
C:\Users\ASUS\source\repos\Assignment-3(1907060)\Assignment-3(1907060)\main.cpp(560,85): warning C4305: 'argument': truncation from 'double' to 'float'
C:\Users\ASUS\source\repos\Assignment-3(1907060)\Assignment-3(1907060)\main.cpp(560,77): warning C4244: 'argument': conversion from 'double' to 'float', possible loss of data
C:\Users\ASUS\source\repos\Assignment-3(1907060)\Assignment-3(1907060)\main.cpp(562,170): warning C4305: 'argument': truncation from 'double' to 'float'
C:\Users\ASUS\source\repos\Assignment-3(1907060)\Assignment-3(1907060)\main.cpp(562,158): warning C4305: 'argument': truncation from 'double' to 'float'
C:\Users\ASUS\source\repos\Assignment-3(1907060)\Assignment-3(1907060)\main.cpp(562,146): warning C4305: 'argument': truncation from 'double' to 'float'
C:\Users\ASUS\source\repos\Assignment-3(1907060)\Assignment-3(1907060)\main.cpp(562,139): warning C4305: 'argument': truncation from 'double' to 'float'
C:\Users\ASUS\source\repos\Assignment-3(1907060)\Assignment-3(1907060)\main.cpp(562,135): warning C4305: 'argument': truncation from 'double' to 'float'
C:\Users\ASUS\source\repos\Assignment-3(1907060)\Assignment-3(1907060)\main.cpp(562,130): warning C4305: 'argument': truncation from 'double' to 'float'
C:\Users\ASUS\source\repos\Assignment-3(1907060)\Assignment-3(1907060)\main.cpp(562,90): warning C4244: 'argument': conversion from 'double' to 'float', possible loss of data
C:\Users\ASUS\source\repos\Assignment-3(1907060)\Assignment-3(1907060)\main.cpp(562,85): warning C4305: 'argument': truncation from 'double' to 'float'
C:\Users\ASUS\source\repos\Assignment-3(1907060)\Assignment-3(1907060)\main.cpp(562,77): warning C4244: 'argument': conversion from 'double' to 'float', possible loss of data
C:\Users\ASUS\source\repos\Assignment-3(1907060)\Assignment-3(1907060)\main.cpp(564,170): warning C4305: 'argument': truncation from 'double' to 'float'
C:\Users\ASUS\source\repos\Assignment-3(1907060)\Assignment-3(1907060)\main.cpp(564,158): warning C4305: 'argument': truncation from 'double' to 'float'
C:\Users\ASUS\source\repos\Assignment-3(1907060)\Assignment-3(1907060)\main.cpp(564,146): warning C4305: 'argument': truncation from 'double' to 'float'
C:\Users\ASUS\source\repos\Assignment-3(1907060)\Assignment-3(1907060)\main.cpp(564,139): warning C4305: 'argument': truncation from 'double' to 'float'
C:\Users\ASUS\source\repos\Assignment-3(1907060)\Assignment-3(1907060)\main.cpp(564,135): warning C4305: 'argument': truncation from 'double' to 'float'
C:\Users\ASUS\source\repos\Assignment-3(1907060)\Assignment-3(1907060)\main.cpp(564,130): warning C4305: 'argument': truncation from 'double' to 'float'
C:\Users\ASUS\source\repos\Assignment-3(1907060)\Assignment-3(1907060)\main.cpp(564,90): warning C4244: 'argument': conversion from 'double' to 'float', possible loss of data
C:\Users\ASUS\source\repos\Assignment-3(1907060)\Assignment-3(1907060)\main.cpp(564,85): warning C4305: 'argument': truncation from 'double' to 'float'
C:\Users\ASUS\source\repos\Assignment-3(1907060)\Assignment-3(1907060)\main.cpp(564,77): warning C4244: 'argument': conversion from 'double' to 'float', possible loss of data
C:\Users\ASUS\source\repos\Assignment-3(1907060)\Assignment-3(1907060)\main.cpp(568,160): warning C4305: 'argument': truncation from 'double' to 'float'
C:\Users\ASUS\source\repos\Assignment-3(1907060)\Assignment-3(1907060)\main.cpp(568,148): warning C4305: 'argument': truncation from 'double' to 'float'
C:\Users\ASUS\source\repos\Assignment-3(1907060)\Assignment-3(1907060)\main.cpp(568,136): warning C4305: 'argument': truncation from 'double' to 'float'
C:\Users\ASUS\source\repos\Assignment-3(1907060)\Assignment-3(1907060)\main.cpp(568,129): warning C4305: 'argument': truncation from 'double' to 'float'
C:\Users\ASUS\source\repos\Assignment-3(1907060)\Assignment-3(1907060)\main.cpp(568,113): warning C4244: 'argument': conversion from 'double' to 'float', possible loss of data
C:\Users\ASUS\source\repos\Assignment-3(1907060)\Assignment-3(1907060)\main.cpp(568,109): warning C4305: 'argument': truncation from 'double' to 'float'
C:\Users\ASUS\source\repos\Assignment-3(1907060)\Assignment-3(1907060)\main.cpp(568,94): warning C4244: 'argument': conversion from 'int' to 'float', possible loss of data
C:\Users\ASUS\source\repos\Assignment-3(1907060)\Assignment-3(1907060)\main.cpp(568,77): warning C4244: 'argument': conversion from 'double' to 'float', possible loss of data
C:\Users\ASUS\source\repos\Assignment-3(1907060)\Assignment-3(1907060)\main.cpp(572,162): warning C4305: 'argument': truncation from 'double' to 'float'
C:\Users\ASUS\source\repos\Assignment-3(1907060)\Assignment-3(1907060)\main.cpp(572,150): warning C4305: 'argument': truncation from 'double' to 'float'
C:\Users\ASUS\source\repos\Assignment-3(1907060)\Assignment-3(1907060)\main.cpp(572,138): warning C4305: 'argument': truncation from 'double' to 'float'
C:\Users\ASUS\source\repos\Assignment-3(1907060)\Assignment-3(1907060)\main.cpp(572,131): warning C4305: 'argument': truncation from 'double' to 'float'
C:\Users\ASUS\source\repos\Assignment-3(1907060)\Assignment-3(1907060)\main.cpp(572,115): warning C4244: 'argument': conversion from 'double' to 'float', possible loss of data
C:\Users\ASUS\source\repos\Assignment-3(1907060)\Assignment-3(1907060)\main.cpp(572,111): warning C4305: 'argument': truncation from 'double' to 'float'
C:\Users\ASUS\source\repos\Assignment-3(1907060)\Assignment-3(1907060)\main.cpp(572,87): warning C4244: 'argument': conversion from 'double' to 'float', possible loss of data
C:\Users\ASUS\source\repos\Assignment-3(1907060)\Assignment-3(1907060)\main.cpp(572,77): warning C4244: 'argument': conversion from 'double' to 'float', possible loss of data
C:\Users\ASUS\source\repos\Assignment-3(1907060)\Assignment-3(1907060)\main.cpp(574,162): warning C4305: 'argument': truncation from 'double' to 'float'
C:\Users\ASUS\source\repos\Assignment-3(1907060)\Assignment-3(1907060)\main.cpp(574,150): warning C4305: 'argument': truncation from 'double' to 'float'
C:\Users\ASUS\source\repos\Assignment-3(1907060)\Assignment-3(1907060)\main.cpp(574,138): warning C4305: 'argument': truncation from 'double' to 'float'
C:\Users\ASUS\source\repos\Assignment-3(1907060)\Assignment-3(1907060)\main.cpp(574,131): warning C4305: 'argument': truncation from 'double' to 'float'
C:\Users\ASUS\source\repos\Assignment-3(1907060)\Assignment-3(1907060)\main.cpp(574,115): warning C4244: 'argument': conversion from 'double' to 'float', possible loss of data
C:\Users\ASUS\source\repos\Assignment-3(1907060)\Assignment-3(1907060)\main.cpp(574,111): warning C4305: 'argument': truncation from 'double' to 'float'
C:\Users\ASUS\source\repos\Assignment-3(1907060)\Assignment-3(1907060)\main.cpp(574,87): warning C4244: 'argument': conversion from 'double' to 'float', possible loss of data
C:\Users\ASUS\source\repos\Assignment-3(1907060)\Assignment-3(1907060)\main.cpp(574,77): warning C4244: 'argument': conversion from 'double' to 'float', possible loss of data
C:\Users\ASUS\source\repos\Assignment-3(1907060)\Assignment-3(1907060)\main.cpp(579,114): warning C4305: 'argument': truncation from 'double' to 'float'
C:\Users\ASUS\source\repos\Assignment-3(1907060)\Assignment-3(1907060)\main.cpp(579,102): warning C4305: 'argument': truncation from 'double' to 'float'
C:\Users\ASUS\source\repos\Assignment-3(1907060)\Assignment-3(1907060)\main.cpp(579,90): warning C4305: 'argument': truncation from 'double' to 'float'
C:\Users\ASUS\source\repos\Assignment-3(1907060)\Assignment-3(1907060)\main.cpp(579,82): warning C4305: 'argument': truncation from 'double' to 'float'
C:\Users\ASUS\source\repos\Assignment-3(1907060)\Assignment-3(1907060)\main.cpp(579,77): warning C4305: 'argument': truncation from 'double' to 'float'
C:\Users\ASUS\source\repos\Assignment-3(1907060)\Assignment-3(1907060)\main.cpp(579,59): warning C4305: 'argument': truncation from 'double' to 'float'
C:\Users\ASUS\source\repos\Assignment-3(1907060)\Assignment-3(1907060)\main.cpp(579,54): warning C4305: 'argument': truncation from 'double' to 'float'
C:\Users\ASUS\source\repos\Assignment-3(1907060)\Assignment-3(1907060)\main.cpp(581,16): warning C4244: 'initializing': conversion from 'double' to 'float', possible loss of data
C:\Users\ASUS\source\repos\Assignment-3(1907060)\Assignment-3(1907060)\main.cpp(583,138): warning C4305: 'argument': truncation from 'double' to 'float'
C:\Users\ASUS\source\repos\Assignment-3(1907060)\Assignment-3(1907060)\main.cpp(583,126): warning C4305: 'argument': truncation from 'double' to 'float'
C:\Users\ASUS\source\repos\Assignment-3(1907060)\Assignment-3(1907060)\main.cpp(583,114): warning C4305: 'argument': truncation from 'double' to 'float'
C:\Users\ASUS\source\repos\Assignment-3(1907060)\Assignment-3(1907060)\main.cpp(583,96): warning C4305: 'argument': truncation from 'double' to 'float'
C:\Users\ASUS\source\repos\Assignment-3(1907060)\Assignment-3(1907060)\main.cpp(583,58): warning C4305: 'argument': truncation from 'double' to 'float'
C:\Users\ASUS\source\repos\Assignment-3(1907060)\Assignment-3(1907060)\main.cpp(590,118): warning C4305: 'argument': truncation from 'double' to 'float'
C:\Users\ASUS\source\repos\Assignment-3(1907060)\Assignment-3(1907060)\main.cpp(590,105): warning C4305: 'argument': truncation from 'double' to 'float'
C:\Users\ASUS\source\repos\Assignment-3(1907060)\Assignment-3(1907060)\main.cpp(590,92): warning C4305: 'argument': truncation from 'double' to 'float'
C:\Users\ASUS\source\repos\Assignment-3(1907060)\Assignment-3(1907060)\main.cpp(590,83): warning C4305: 'argument': truncation from 'double' to 'float'
C:\Users\ASUS\source\repos\Assignment-3(1907060)\Assignment-3(1907060)\main.cpp(590,74): warning C4305: 'argument': truncation from 'double' to 'float'
C:\Users\ASUS\source\repos\Assignment-3(1907060)\Assignment-3(1907060)\main.cpp(590,61): warning C4305: 'argument': truncation from 'double' to 'float'
C:\Users\ASUS\source\repos\Assignment-3(1907060)\Assignment-3(1907060)\main.cpp(590,56): warning C4305: 'argument': truncation from 'double' to 'float'
C:\Users\ASUS\source\repos\Assignment-3(1907060)\Assignment-3(1907060)\main.cpp(590,51): warning C4305: 'argument': truncation from 'double' to 'float'
C:\Users\ASUS\source\repos\Assignment-3(1907060)\Assignment-3(1907060)\main.cpp(591,118): warning C4305: 'argument': truncation from 'double' to 'float'
C:\Users\ASUS\source\repos\Assignment-3(1907060)\Assignment-3(1907060)\main.cpp(591,105): warning C4305: 'argument': truncation from 'double' to 'float'
C:\Users\ASUS\source\repos\Assignment-3(1907060)\Assignment-3(1907060)\main.cpp(591,92): warning C4305: 'argument': truncation from 'double' to 'float'
C:\Users\ASUS\source\repos\Assignment-3(1907060)\Assignment-3(1907060)\main.cpp(591,84): warning C4305: 'argument': truncation from 'double' to 'float'
C:\Users\ASUS\source\repos\Assignment-3(1907060)\Assignment-3(1907060)\main.cpp(591,79): warning C4305: 'argument': truncation from 'double' to 'float'
C:\Users\ASUS\source\repos\Assignment-3(1907060)\Assignment-3(1907060)\main.cpp(591,74): warning C4305: 'argument': truncation from 'double' to 'float'
C:\Users\ASUS\source\repos\Assignment-3(1907060)\Assignment-3(1907060)\main.cpp(591,61): warning C4305: 'argument': truncation from 'double' to 'float'
C:\Users\ASUS\source\repos\Assignment-3(1907060)\Assignment-3(1907060)\main.cpp(591,56): warning C4305: 'argument': truncation from 'double' to 'float'
C:\Users\ASUS\source\repos\Assignment-3(1907060)\Assignment-3(1907060)\main.cpp(591,51): warning C4305: 'argument': truncation from 'double' to 'float'
C:\Users\ASUS\source\repos\Assignment-3(1907060)\Assignment-3(1907060)\main.cpp(592,118): warning C4305: 'argument': truncation from 'double' to 'float'
C:\Users\ASUS\source\repos\Assignment-3(1907060)\Assignment-3(1907060)\main.cpp(592,105): warning C4305: 'argument': truncation from 'double' to 'float'
C:\Users\ASUS\source\repos\Assignment-3(1907060)\Assignment-3(1907060)\main.cpp(592,92): warning C4305: 'argument': truncation from 'double' to 'float'
C:\Users\ASUS\source\repos\Assignment-3(1907060)\Assignment-3(1907060)\main.cpp(592,83): warning C4305: 'argument': truncation from 'double' to 'float'
C:\Users\ASUS\source\repos\Assignment-3(1907060)\Assignment-3(1907060)\main.cpp(592,79): warning C4305: 'argument': truncation from 'double' to 'float'
C:\Users\ASUS\source\repos\Assignment-3(1907060)\Assignment-3(1907060)\main.cpp(592,74): warning C4305: 'argument': truncation from 'double' to 'float'
C:\Users\ASUS\source\repos\Assignment-3(1907060)\Assignment-3(1907060)\main.cpp(592,61): warning C4305: 'argument': truncation from 'double' to 'float'
C:\Users\ASUS\source\repos\Assignment-3(1907060)\Assignment-3(1907060)\main.cpp(592,51): warning C4305: 'argument': truncation from 'double' to 'float'
C:\Users\ASUS\source\repos\Assignment-3(1907060)\Assignment-3(1907060)\main.cpp(595,116): warning C4305: 'argument': truncation from 'double' to 'float'
C:\Users\ASUS\source\repos\Assignment-3(1907060)\Assignment-3(1907060)\main.cpp(595,103): warning C4305: 'argument': truncation from 'double' to 'float'
C:\Users\ASUS\source\repos\Assignment-3(1907060)\Assignment-3(1907060)\main.cpp(595,90): warning C4305: 'argument': truncation from 'double' to 'float'
C:\Users\ASUS\source\repos\Assignment-3(1907060)\Assignment-3(1907060)\main.cpp(595,81): warning C4305: 'argument': truncation from 'double' to 'float'
C:\Users\ASUS\source\repos\Assignment-3(1907060)\Assignment-3(1907060)\main.cpp(595,73): warning C4305: 'argument': truncation from 'double' to 'float'
C:\Users\ASUS\source\repos\Assignment-3(1907060)\Assignment-3(1907060)\main.cpp(595,56): warning C4305: 'argument': truncation from 'double' to 'float'
C:\Users\ASUS\source\repos\Assignment-3(1907060)\Assignment-3(1907060)\main.cpp(595,51): warning C4305: 'argument': truncation from 'double' to 'float'
C:\Users\ASUS\source\repos\Assignment-3(1907060)\Assignment-3(1907060)\main.cpp(596,116): warning C4305: 'argument': truncation from 'double' to 'float'
C:\Users\ASUS\source\repos\Assignment-3(1907060)\Assignment-3(1907060)\main.cpp(596,104): warning C4305: 'argument': truncation from 'double' to 'float'
C:\Users\ASUS\source\repos\Assignment-3(1907060)\Assignment-3(1907060)\main.cpp(596,92): warning C4305: 'argument': truncation from 'double' to 'float'
C:\Users\ASUS\source\repos\Assignment-3(1907060)\Assignment-3(1907060)\main.cpp(596,85): warning C4305: 'argument': truncation from 'double' to 'float'
C:\Users\ASUS\source\repos\Assignment-3(1907060)\Assignment-3(1907060)\main.cpp(596,76): warning C4305: 'argument': truncation from 'double' to 'float'
C:\Users\ASUS\source\repos\Assignment-3(1907060)\Assignment-3(1907060)\main.cpp(596,61): warning C4305: 'argument': truncation from 'double' to 'float'
C:\Users\ASUS\source\repos\Assignment-3(1907060)\Assignment-3(1907060)\main.cpp(596,56): warning C4305: 'argument': truncation from 'double' to 'float'
C:\Users\ASUS\source\repos\Assignment-3(1907060)\Assignment-3(1907060)\main.cpp(596,51): warning C4305: 'argument': truncation from 'double' to 'float'
C:\Users\ASUS\source\repos\Assignment-3(1907060)\Assignment-3(1907060)\main.cpp(599,16): warning C4244: '=': conversion from 'double' to 'float', possible loss of data
C:\Users\ASUS\source\repos\Assignment-3(1907060)\Assignment-3(1907060)\main.cpp(601,116): warning C4305: 'argument': truncation from 'double' to 'float'
C:\Users\ASUS\source\repos\Assignment-3(1907060)\Assignment-3(1907060)\main.cpp(601,101): warning C4305: 'argument': truncation from 'double' to 'float'
C:\Users\ASUS\source\repos\Assignment-3(1907060)\Assignment-3(1907060)\main.cpp(601,86): warning C4305: 'argument': truncation from 'double' to 'float'
C:\Users\ASUS\source\repos\Assignment-3(1907060)\Assignment-3(1907060)\main.cpp(601,64): warning C4244: 'argument': conversion from 'double' to 'float', possible loss of data
C:\Users\ASUS\source\repos\Assignment-3(1907060)\Assignment-3(1907060)\main.cpp(601,55): warning C4305: 'argument': truncation from 'double' to 'float'
C:\Users\ASUS\source\repos\Assignment-3(1907060)\Assignment-3(1907060)\main.cpp(626,54): warning C4101: 'test': unreferenced local variable
C:\Users\ASUS\source\repos\Assignment-3(1907060)\Assignment-3(1907060)\main.cpp(641,15): warning C4101: 'rotateXMatrix': unreferenced local variable
C:\Users\ASUS\source\repos\Assignment-3(1907060)\Assignment-3(1907060)\main.cpp(641,80): warning C4101: 'modelCentered': unreferenced local variable
C:\Users\ASUS\source\repos\Assignment-3(1907060)\Assignment-3(1907060)\main.cpp(641,45): warning C4101: 'rotateZMatrix': unreferenced local variable
C:\Users\ASUS\source\repos\Assignment-3(1907060)\Assignment-3(1907060)\main.cpp(641,30): warning C4101: 'rotateYMatrix': unreferenced local variable
C:\Users\ASUS\source\repos\Assignment-3(1907060)\Assignment-3(1907060)\main.cpp(802,97): warning C4101: 'modelCentered': unreferenced local variable
C:\Users\ASUS\source\repos\Assignment-3(1907060)\Assignment-3(1907060)\main.cpp(802,77): warning C4101: 'scaleMatrix': unreferenced local variable
C:\Users\ASUS\source\repos\Assignment-3(1907060)\Assignment-3(1907060)\main.cpp(895,21): warning C4244: '+=': conversion from 'double' to 'float', possible loss of data
C:\Users\ASUS\source\repos\Assignment-3(1907060)\Assignment-3(1907060)\main.cpp(900,21): warning C4244: '-=': conversion from 'double' to 'float', possible loss of data
C:\Users\ASUS\source\repos\Assignment-3(1907060)\Assignment-3(1907060)\main.cpp(910,21): warning C4244: '-=': conversion from 'double' to 'float', possible loss of data
  Assignment-3(1907060).vcxproj -> C:\Users\ASUS\source\repos\Assignment-3(1907060)\x64\Debug\Assignment-3(1907060).exe
